0 info it worked if it ends with ok
1 verbose cli [ 'C:\\Program Files\\nodejs\\node.exe',
1 verbose cli   'C:\\Program Files\\nodejs\\node_modules\\npm\\bin\\npm-cli.js',
1 verbose cli   'start' ]
2 info using npm@3.10.10
3 info using node@v6.17.1
4 verbose run-script [ 'prestart', 'start', 'poststart' ]
5 info lifecycle chatApplication@1.0.0~prestart: chatApplication@1.0.0
6 silly lifecycle chatApplication@1.0.0~prestart: no script for prestart, continuing
7 info lifecycle chatApplication@1.0.0~start: chatApplication@1.0.0
8 verbose lifecycle chatApplication@1.0.0~start: unsafe-perm in lifecycle true
9 verbose lifecycle chatApplication@1.0.0~start: PATH: C:\Users\kiran\AppData\Roaming\nvm\v6.17.1\node_modules\npm\bin\node-gyp-bin;D:\udemy\project\chatApplication\node_modules\.bin;PATH=\mingw64\bin;C:\Program Files\Git\usr\bin;C:\Users\kiran\bin;C:\Users\kiran\bin;C:\Program Files\Git\mingw64\bin;C:\Program Files\Git\usr\local\bin;C:\Program Files\Git\usr\bin;C:\Program Files\Git\usr\bin;C:\Program Files\Git\mingw64\bin;C:\Program Files\Git\usr\bin;C:\Users\kiran\bin;C:\Program Files\Microsoft MPI\Bin;C:\Program Files (x86)\Common Files\Intel\Shared Libraries\redist\intel64\compiler;C:\Program Files (x86)\Common Files\Oracle\Java\javapath;C:\Program Files (x86)\Intel\iCLS Client;C:\Program Files\Intel\iCLS Client;C:\WINDOWS\system32;C:\WINDOWS;C:\WINDOWS\System32\Wbem;C:\WINDOWS\System32\WindowsPowerShell\v1.0;C:\Program Files (x86)\Intel\Intel(R) Management Engine Components\DAL;C:\Program Files\Intel\Intel(R) Management Engine Components\DAL;C:\Program Files (x86)\Intel\Intel(R) Management Engine Components\IPT;C:\Program Files\Intel\Intel(R) Management Engine Components\IPT;C:\Program Files\Microsoft VS Code\bin;C:\WINDOWS\System32\OpenSSH;C:\Program Files\dotnet;C:\Program Files\Microsoft SQL Server\130\Tools\Binn;C:\Program Files\Git\cmd;C:\Program Files\MATLAB\R2018b\runtime\win64;C:\Program Files\MATLAB\R2018b\bin;C:\Program Files\PuTTY;C:\Users\kiran\AppData\Local\Programs\Python\Python36;C:\Users\kiran\AppData\Local\Programs\Python\Python36\Scripts;C:\Users\kiran\AppData\Roaming\nvm;C:\Program Files\nodejs;C:\Users\kiran\AppData\Local\Microsoft\WindowsApps;C:\Users\kiran\AppData\Local\atom\bin;C:\Users\kiran\AppData\Local\GitHubDesktop\bin;C:\Users\kiran\AppData\Local\Microsoft\WindowsApps;C:\Program Files\Sublime Text 3;C:\Program Files\heroku\bin;C:\Users\kiran\AppData\Roaming\nvm;C:\Program Files\nodejs;C:\Program Files\Git\usr\bin\vendor_perl;C:\Program Files\Git\usr\bin\core_perl;C:\Python37;C:\Python37
10 verbose lifecycle chatApplication@1.0.0~start: CWD: D:\udemy\project\chatApplication
11 silly lifecycle chatApplication@1.0.0~start: Args: [ '/d /s /c', 'node server' ]
12 silly lifecycle chatApplication@1.0.0~start: Returned: code: 1  signal: null
13 info lifecycle chatApplication@1.0.0~start: Failed to exec start script
14 verbose stack Error: chatApplication@1.0.0 start: `node server`
14 verbose stack Exit status 1
14 verbose stack     at EventEmitter.<anonymous> (C:\Users\kiran\AppData\Roaming\nvm\v6.17.1\node_modules\npm\lib\utils\lifecycle.js:255:16)
14 verbose stack     at emitTwo (events.js:106:13)
14 verbose stack     at EventEmitter.emit (events.js:191:7)
14 verbose stack     at ChildProcess.<anonymous> (C:\Users\kiran\AppData\Roaming\nvm\v6.17.1\node_modules\npm\lib\utils\spawn.js:40:14)
14 verbose stack     at emitTwo (events.js:106:13)
14 verbose stack     at ChildProcess.emit (events.js:191:7)
14 verbose stack     at maybeClose (internal/child_process.js:920:16)
14 verbose stack     at Process.ChildProcess._handle.onexit (internal/child_process.js:230:5)
15 verbose pkgid chatApplication@1.0.0
16 verbose cwd D:\udemy\project\chatApplication
17 error Windows_NT 10.0.18362
18 error argv "C:\\Program Files\\nodejs\\node.exe" "C:\\Program Files\\nodejs\\node_modules\\npm\\bin\\npm-cli.js" "start"
19 error node v6.17.1
20 error npm  v3.10.10
21 error code ELIFECYCLE
22 error chatApplication@1.0.0 start: `node server`
22 error Exit status 1
23 error Failed at the chatApplication@1.0.0 start script 'node server'.
23 error Make sure you have the latest version of node.js and npm installed.
23 error If you do, this is most likely a problem with the chatApplication package,
23 error not with npm itself.
23 error Tell the author that this fails on your system:
23 error     node server
23 error You can get information on how to open an issue for this project with:
23 error     npm bugs chatApplication
23 error Or if that isn't available, you can get their info via:
23 error     npm owner ls chatApplication
23 error There is likely additional logging output above.
24 verbose exit [ 1, true ]
